2024-05-28 13:12:41,833 INFO notifyConnectTimeout:100

2024-05-28 13:12:41,846 INFO notifySocketTimeout:200

2024-05-28 13:12:41,846 INFO isHealthCheck:true

2024-05-28 13:12:41,847 INFO maxHealthCheckFailCount:12

2024-05-28 13:12:41,848 INFO maxContent:10485760

2024-05-28 13:12:57,003 INFO use local db service for init

2024-05-28 13:12:59,496 WARN Lexical error at line 4, column 66.  Encountered: <EOF> after : "".

2024-05-28 13:12:59,507 WARN Syntax error: Encountered "*" at line 1, column 1.

2024-05-28 13:12:59,628 WARN Table/View 'CONFIG_INFO' already exists in Schema 'NACOS'.

2024-05-28 13:12:59,897 WARN Table/View 'HIS_CONFIG_INFO' already exists in Schema 'NACOS'.

2024-05-28 13:12:59,986 WARN Table/View 'CONFIG_INFO_BETA' already exists in Schema 'NACOS'.

2024-05-28 13:13:00,013 WARN Table/View 'CONFIG_INFO_TAG' already exists in Schema 'NACOS'.

2024-05-28 13:13:00,043 WARN Table/View 'CONFIG_INFO_AGGR' already exists in Schema 'NACOS'.

2024-05-28 13:13:00,070 WARN Table/View 'APP_LIST' already exists in Schema 'NACOS'.

2024-05-28 13:13:00,098 WARN Table/View 'APP_CONFIGDATA_RELATION_SUBS' already exists in Schema 'NACOS'.

2024-05-28 13:13:00,124 WARN Table/View 'APP_CONFIGDATA_RELATION_PUBS' already exists in Schema 'NACOS'.

2024-05-28 13:13:00,146 WARN Table/View 'CONFIG_TAGS_RELATION' already exists in Schema 'NACOS'.

2024-05-28 13:13:00,193 WARN Table/View 'GROUP_CAPACITY' already exists in Schema 'NACOS'.

2024-05-28 13:13:00,218 WARN Table/View 'TENANT_CAPACITY' already exists in Schema 'NACOS'.

2024-05-28 13:13:00,241 WARN Table/View 'TENANT_INFO' already exists in Schema 'NACOS'.

2024-05-28 13:13:00,271 WARN Table/View 'USERS' already exists in Schema 'NACOS'.

2024-05-28 13:13:00,294 WARN Table/View 'ROLES' already exists in Schema 'NACOS'.

2024-05-28 13:13:00,315 WARN Table/View 'PERMISSIONS' already exists in Schema 'NACOS'.

2024-05-28 13:13:00,513 WARN The statement was aborted because it would have caused a duplicate key value in a unique or primary key constraint or unique index identified by 'SQL240517164309820' defined on 'USERS'.

2024-05-28 13:13:00,548 WARN The statement was aborted because it would have caused a duplicate key value in a unique or primary key constraint or unique index identified by 'UK_USERNAME_ROLE' defined on 'ROLES'.

2024-05-28 13:13:00,549 WARN Lexical error at line 4, column 13.  Encountered: "`" (96), after : "".

2024-05-28 13:13:00,551 WARN Lexical error at line 1, column 13.  Encountered: "`" (96), after : "".

2024-05-28 13:13:00,552 WARN Lexical error at line 1, column 13.  Encountered: "`" (96), after : "".

2024-05-28 13:13:00,553 WARN Lexical error at line 1, column 13.  Encountered: "`" (96), after : "".

2024-05-28 13:13:00,553 INFO use StandaloneDatabaseOperateImpl

2024-05-28 13:13:00,742 WARN DumpService start

2024-05-28 13:13:00,747 INFO start clear all config-info.

2024-05-28 13:13:00,750 WARN clear all config-info failed.

2024-05-28 13:13:00,751 WARN clear all config-info-tenant failed.

2024-05-28 13:13:01,143 INFO [all-dump] 766553235632705536 / 766553235632705536

2024-05-28 13:13:01,143 INFO start clear all config-info-beta.

2024-05-28 13:13:01,144 WARN clear all config-info-beta failed.

2024-05-28 13:13:01,144 WARN clear all config-info-beta-tenant failed.

2024-05-28 13:13:01,222 INFO start clear all config-info-tag.

2024-05-28 13:13:01,222 WARN clear all config-info-tag failed.

2024-05-28 13:13:01,223 WARN clear all config-info-tag-tenant failed.

